[
  {
    "line": 2,
    "elements": [
      {
        "start_timestamp": "2023-04-24T18:34:26.436Z",
        "before": [
          {
            "result": {
              "duration": 21880197900,
              "status": "passed"
            },
            "match": {
              "location": "project.kalyanJewellers.stepdefs.StepDefs.setUp(io.cucumber.java.Scenario)"
            }
          }
        ],
        "line": 51,
        "name": "validate the footer links on landing page of applications",
        "description": "",
        "id": "e-commerce-project-web-site-health-check;validate-the-footer-links-on-landing-page-of-applications;;2",
        "after": [
          {
            "result": {
              "error_message": "org.openqa.selenium.NoSuchWindowException: no such window: target window already closed\nfrom unknown error: web view not found\n  (Session info: MicrosoftEdge\u003d112.0.1722.58)\nBuild info: version: \u00273.141.59\u0027, revision: \u0027e82be7d358\u0027, time: \u00272018-11-14T08:17:03\u0027\nSystem info: host: \u0027DESKTOP-4HSKB02\u0027, ip: \u0027192.168.1.3\u0027, os.name: \u0027Windows 10\u0027, os.arch: \u0027amd64\u0027, os.version: \u002710.0\u0027, java.version: \u002717.0.4.1\u0027\nDriver info: org.openqa.selenium.edge.EdgeDriver\nCapabilities {acceptInsecureCerts: false, browserName: msedge, browserVersion: 112.0.1722.58, javascriptEnabled: true, ms:edgeOptions: {debuggerAddress: localhost:60944}, msedge: {msedgedriverVersion: 112.0.1722.58 (4dc3f55bfaec..., userDataDir: C:\\Users\\Dell\\AppData\\Local...}, networkConnectionEnabled: false, pageLoadStrategy: normal, platform: WINDOWS, platformName: WINDOWS, proxy: Proxy(), setWindowRect: true, strictFileInteractability: false, timeouts: {implicit: 0, pageLoad: 300000, script: 30000}, unhandledPromptBehavior: dismiss and notify, webauthn:extension:credBlob: true, webauthn:extension:largeBlob: true, webauthn:extension:minPinLength: true, webauthn:extension:prf: true, webauthn:virtualAuthenticators: true}\nSession ID: e2f33c0db840ed1977429fdb1af4f985\r\n\tat java.base/jdk.internal.reflect.NativeConstructorAccessorImpl.newInstance0(Native Method)\r\n\tat java.base/jdk.internal.reflect.NativeConstructorAccessorImpl.newInstance(NativeConstructorAccessorImpl.java:77)\r\n\tat java.base/jdk.internal.reflect.DelegatingConstructorAccessorImpl.newInstance(DelegatingConstructorAccessorImpl.java:45)\r\n\tat java.base/java.lang.reflect.Constructor.newInstanceWithCaller(Constructor.java:499)\r\n\tat java.base/java.lang.reflect.Constructor.newInstance(Constructor.java:480)\r\n\tat org.openqa.selenium.remote.http.W3CHttpResponseCodec.createException(W3CHttpResponseCodec.java:187)\r\n\tat org.openqa.selenium.remote.http.W3CHttpResponseCodec.decode(W3CHttpResponseCodec.java:122)\r\n\tat org.openqa.selenium.remote.http.W3CHttpResponseCodec.decode(W3CHttpResponseCodec.java:49)\r\n\tat org.openqa.selenium.remote.HttpCommandExecutor.execute(HttpCommandExecutor.java:158)\r\n\tat org.openqa.selenium.remote.service.DriverCommandExecutor.execute(DriverCommandExecutor.java:83)\r\n\tat org.openqa.selenium.remote.RemoteWebDriver.execute(RemoteWebDriver.java:552)\r\n\tat org.openqa.selenium.remote.RemoteWebDriver.execute(RemoteWebDriver.java:609)\r\n\tat org.openqa.selenium.remote.RemoteWebDriver.getScreenshotAs(RemoteWebDriver.java:295)\r\n\tat project.kalyanJewellers.stepdefs.StepDefs.captureScreenShot(StepDefs.java:77)\r\n",
              "duration": 90951600,
              "status": "failed"
            },
            "match": {
              "location": "project.kalyanJewellers.stepdefs.StepDefs.captureScreenShot(io.cucumber.java.Scenario)"
            }
          },
          {
            "output": [
              "Browser got closed"
            ],
            "result": {
              "duration": 416442700,
              "status": "passed"
            },
            "match": {
              "location": "project.kalyanJewellers.stepdefs.StepDefs.tearDwon()"
            }
          }
        ],
        "type": "scenario",
        "keyword": "Scenario Outline",
        "steps": [
          {
            "result": {
              "error_message": "org.openqa.selenium.NoSuchElementException: Cannot locate an element using xpath\u003d//p[text()\u003d\u0027ABOUT US\u0027]\nFor documentation on this error, please visit: https://www.seleniumhq.org/exceptions/no_such_element.html\nBuild info: version: \u00273.141.59\u0027, revision: \u0027e82be7d358\u0027, time: \u00272018-11-14T08:17:03\u0027\nSystem info: host: \u0027DESKTOP-4HSKB02\u0027, ip: \u0027192.168.1.3\u0027, os.name: \u0027Windows 10\u0027, os.arch: \u0027amd64\u0027, os.version: \u002710.0\u0027, java.version: \u002717.0.4.1\u0027\nDriver info: driver.version: RemoteWebDriver\r\n\tat org.openqa.selenium.remote.RemoteWebDriver.findElement(RemoteWebDriver.java:327)\r\n\tat org.openqa.selenium.remote.RemoteWebDriver.findElementByXPath(RemoteWebDriver.java:428)\r\n\tat org.openqa.selenium.By$ByXPath.findElement(By.java:353)\r\n\tat org.openqa.selenium.remote.RemoteWebDriver.findElement(RemoteWebDriver.java:315)\r\n\tat project.kalyanJewellers.stepdefs.StepDefs.user_scroll_dwon_to_the_button_landing_page_of_the_application(StepDefs.java:148)\r\n\tat ✽.user scroll dwon to the button landing page of the application(classpath:features/HelthCheak.feature:45)\r\n",
              "duration": 16359158800,
              "status": "failed"
            },
            "line": 45,
            "name": "user scroll dwon to the button landing page of the application",
            "match": {
              "location": "project.kalyanJewellers.stepdefs.StepDefs.user_scroll_dwon_to_the_button_landing_page_of_the_application()"
            },
            "keyword": "When "
          },
          {
            "result": {
              "duration": 1998500,
              "status": "skipped"
            },
            "line": 46,
            "name": "validate the follow us option with social media icons",
            "match": {
              "location": "project.kalyanJewellers.stepdefs.StepDefs.validate_the_follow_us_option_with_social_media_icons()"
            },
            "keyword": "And "
          },
          {
            "result": {
              "duration": 22988100,
              "status": "skipped"
            },
            "line": 47,
            "name": "click on social media icons \"\u003cSocial media Name\u003e\"",
            "match": {
              "arguments": [
                {
                  "val": "\"\u003cSocial media Name\u003e\"",
                  "offset": 28
                }
              ],
              "location": "project.kalyanJewellers.stepdefs.StepDefs.click_on_social_media_icons(java.lang.String)"
            },
            "keyword": "When "
          },
          {
            "result": {
              "duration": 999900,
              "status": "skipped"
            },
            "line": 48,
            "name": "Validating the social media Icons With Expected \"canderejewellery\" and \"Candere by Kalyan Jewellers\"",
            "match": {},
            "keyword": "Then "
          }
        ],
        "tags": [
          {
            "name": "@ui"
          },
          {
            "name": "@HelthCheak"
          },
          {
            "name": "@SocialMediaIcons"
          }
        ]
      },
      {
        "start_timestamp": "2023-04-24T18:35:05.610Z",
        "before": [
          {
            "result": {
              "duration": 2549484500,
              "status": "passed"
            },
            "match": {
              "location": "project.kalyanJewellers.stepdefs.StepDefs.setUp(io.cucumber.java.Scenario)"
            }
          }
        ],
        "line": 52,
        "name": "validate the footer links on landing page of applications",
        "description": "",
        "id": "e-commerce-project-web-site-health-check;validate-the-footer-links-on-landing-page-of-applications;;3",
        "after": [
          {
            "result": {
              "error_message": "org.openqa.selenium.NoSuchWindowException: no such window: target window already closed\nfrom unknown error: web view not found\n  (Session info: MicrosoftEdge\u003d112.0.1722.58)\nBuild info: version: \u00273.141.59\u0027, revision: \u0027e82be7d358\u0027, time: \u00272018-11-14T08:17:03\u0027\nSystem info: host: \u0027DESKTOP-4HSKB02\u0027, ip: \u0027192.168.1.3\u0027, os.name: \u0027Windows 10\u0027, os.arch: \u0027amd64\u0027, os.version: \u002710.0\u0027, java.version: \u002717.0.4.1\u0027\nDriver info: org.openqa.selenium.edge.EdgeDriver\nCapabilities {acceptInsecureCerts: false, browserName: msedge, browserVersion: 112.0.1722.58, javascriptEnabled: true, ms:edgeOptions: {debuggerAddress: localhost:60967}, msedge: {msedgedriverVersion: 112.0.1722.58 (4dc3f55bfaec..., userDataDir: C:\\Users\\Dell\\AppData\\Local...}, networkConnectionEnabled: false, pageLoadStrategy: normal, platform: WINDOWS, platformName: WINDOWS, proxy: Proxy(), setWindowRect: true, strictFileInteractability: false, timeouts: {implicit: 0, pageLoad: 300000, script: 30000}, unhandledPromptBehavior: dismiss and notify, webauthn:extension:credBlob: true, webauthn:extension:largeBlob: true, webauthn:extension:minPinLength: true, webauthn:extension:prf: true, webauthn:virtualAuthenticators: true}\nSession ID: 7f0b243d98e4b55b899e6ae2308dd071\r\n\tat java.base/jdk.internal.reflect.NativeConstructorAccessorImpl.newInstance0(Native Method)\r\n\tat java.base/jdk.internal.reflect.NativeConstructorAccessorImpl.newInstance(NativeConstructorAccessorImpl.java:77)\r\n\tat java.base/jdk.internal.reflect.DelegatingConstructorAccessorImpl.newInstance(DelegatingConstructorAccessorImpl.java:45)\r\n\tat java.base/java.lang.reflect.Constructor.newInstanceWithCaller(Constructor.java:499)\r\n\tat java.base/java.lang.reflect.Constructor.newInstance(Constructor.java:480)\r\n\tat org.openqa.selenium.remote.http.W3CHttpResponseCodec.createException(W3CHttpResponseCodec.java:187)\r\n\tat org.openqa.selenium.remote.http.W3CHttpResponseCodec.decode(W3CHttpResponseCodec.java:122)\r\n\tat org.openqa.selenium.remote.http.W3CHttpResponseCodec.decode(W3CHttpResponseCodec.java:49)\r\n\tat org.openqa.selenium.remote.HttpCommandExecutor.execute(HttpCommandExecutor.java:158)\r\n\tat org.openqa.selenium.remote.service.DriverCommandExecutor.execute(DriverCommandExecutor.java:83)\r\n\tat org.openqa.selenium.remote.RemoteWebDriver.execute(RemoteWebDriver.java:552)\r\n\tat org.openqa.selenium.remote.RemoteWebDriver.execute(RemoteWebDriver.java:609)\r\n\tat org.openqa.selenium.remote.RemoteWebDriver.getScreenshotAs(RemoteWebDriver.java:295)\r\n\tat project.kalyanJewellers.stepdefs.StepDefs.captureScreenShot(StepDefs.java:77)\r\n",
              "duration": 67959400,
              "status": "failed"
            },
            "match": {
              "location": "project.kalyanJewellers.stepdefs.StepDefs.captureScreenShot(io.cucumber.java.Scenario)"
            }
          },
          {
            "output": [
              "Browser got closed"
            ],
            "result": {
              "duration": 1269030600,
              "status": "passed"
            },
            "match": {
              "location": "project.kalyanJewellers.stepdefs.StepDefs.tearDwon()"
            }
          }
        ],
        "type": "scenario",
        "keyword": "Scenario Outline",
        "steps": [
          {
            "result": {
              "error_message": "org.openqa.selenium.NoSuchElementException: Cannot locate an element using xpath\u003d//p[text()\u003d\u0027ABOUT US\u0027]\nFor documentation on this error, please visit: https://www.seleniumhq.org/exceptions/no_such_element.html\nBuild info: version: \u00273.141.59\u0027, revision: \u0027e82be7d358\u0027, time: \u00272018-11-14T08:17:03\u0027\nSystem info: host: \u0027DESKTOP-4HSKB02\u0027, ip: \u0027192.168.1.3\u0027, os.name: \u0027Windows 10\u0027, os.arch: \u0027amd64\u0027, os.version: \u002710.0\u0027, java.version: \u002717.0.4.1\u0027\nDriver info: driver.version: RemoteWebDriver\r\n\tat org.openqa.selenium.remote.RemoteWebDriver.findElement(RemoteWebDriver.java:327)\r\n\tat org.openqa.selenium.remote.RemoteWebDriver.findElementByXPath(RemoteWebDriver.java:428)\r\n\tat org.openqa.selenium.By$ByXPath.findElement(By.java:353)\r\n\tat org.openqa.selenium.remote.RemoteWebDriver.findElement(RemoteWebDriver.java:315)\r\n\tat project.kalyanJewellers.stepdefs.StepDefs.user_scroll_dwon_to_the_button_landing_page_of_the_application(StepDefs.java:148)\r\n\tat ✽.user scroll dwon to the button landing page of the application(classpath:features/HelthCheak.feature:45)\r\n",
              "duration": 2380379100,
              "status": "failed"
            },
            "line": 45,
            "name": "user scroll dwon to the button landing page of the application",
            "match": {
              "location": "project.kalyanJewellers.stepdefs.StepDefs.user_scroll_dwon_to_the_button_landing_page_of_the_application()"
            },
            "keyword": "When "
          },
          {
            "result": {
              "duration": 1000500,
              "status": "skipped"
            },
            "line": 46,
            "name": "validate the follow us option with social media icons",
            "match": {
              "location": "project.kalyanJewellers.stepdefs.StepDefs.validate_the_follow_us_option_with_social_media_icons()"
            },
            "keyword": "And "
          },
          {
            "result": {
              "duration": 998200,
              "status": "skipped"
            },
            "line": 47,
            "name": "click on social media icons \"\u003cSocial media Name\u003e\"",
            "match": {
              "arguments": [
                {
                  "val": "\"\u003cSocial media Name\u003e\"",
                  "offset": 28
                }
              ],
              "location": "project.kalyanJewellers.stepdefs.StepDefs.click_on_social_media_icons(java.lang.String)"
            },
            "keyword": "When "
          },
          {
            "result": {
              "duration": 1000000,
              "status": "skipped"
            },
            "line": 48,
            "name": "Validating the social media Icons With Expected \"canderejewellery\" and \"canderejewellery\"",
            "match": {},
            "keyword": "Then "
          }
        ],
        "tags": [
          {
            "name": "@ui"
          },
          {
            "name": "@HelthCheak"
          },
          {
            "name": "@SocialMediaIcons"
          }
        ]
      },
      {
        "start_timestamp": "2023-04-24T18:35:11.960Z",
        "before": [
          {
            "result": {
              "duration": 2363546600,
              "status": "passed"
            },
            "match": {
              "location": "project.kalyanJewellers.stepdefs.StepDefs.setUp(io.cucumber.java.Scenario)"
            }
          }
        ],
        "line": 53,
        "name": "validate the footer links on landing page of applications",
        "description": "",
        "id": "e-commerce-project-web-site-health-check;validate-the-footer-links-on-landing-page-of-applications;;4",
        "after": [
          {
            "result": {
              "error_message": "org.openqa.selenium.NoSuchWindowException: no such window: target window already closed\nfrom unknown error: web view not found\n  (Session info: MicrosoftEdge\u003d112.0.1722.58)\nBuild info: version: \u00273.141.59\u0027, revision: \u0027e82be7d358\u0027, time: \u00272018-11-14T08:17:03\u0027\nSystem info: host: \u0027DESKTOP-4HSKB02\u0027, ip: \u0027192.168.1.3\u0027, os.name: \u0027Windows 10\u0027, os.arch: \u0027amd64\u0027, os.version: \u002710.0\u0027, java.version: \u002717.0.4.1\u0027\nDriver info: org.openqa.selenium.edge.EdgeDriver\nCapabilities {acceptInsecureCerts: false, browserName: msedge, browserVersion: 112.0.1722.58, javascriptEnabled: true, ms:edgeOptions: {debuggerAddress: localhost:60996}, msedge: {msedgedriverVersion: 112.0.1722.58 (4dc3f55bfaec..., userDataDir: C:\\Users\\Dell\\AppData\\Local...}, networkConnectionEnabled: false, pageLoadStrategy: normal, platform: WINDOWS, platformName: WINDOWS, proxy: Proxy(), setWindowRect: true, strictFileInteractability: false, timeouts: {implicit: 0, pageLoad: 300000, script: 30000}, unhandledPromptBehavior: dismiss and notify, webauthn:extension:credBlob: true, webauthn:extension:largeBlob: true, webauthn:extension:minPinLength: true, webauthn:extension:prf: true, webauthn:virtualAuthenticators: true}\nSession ID: 543dcb79f0db388584715baa2831f800\r\n\tat java.base/jdk.internal.reflect.NativeConstructorAccessorImpl.newInstance0(Native Method)\r\n\tat java.base/jdk.internal.reflect.NativeConstructorAccessorImpl.newInstance(NativeConstructorAccessorImpl.java:77)\r\n\tat java.base/jdk.internal.reflect.DelegatingConstructorAccessorImpl.newInstance(DelegatingConstructorAccessorImpl.java:45)\r\n\tat java.base/java.lang.reflect.Constructor.newInstanceWithCaller(Constructor.java:499)\r\n\tat java.base/java.lang.reflect.Constructor.newInstance(Constructor.java:480)\r\n\tat org.openqa.selenium.remote.http.W3CHttpResponseCodec.createException(W3CHttpResponseCodec.java:187)\r\n\tat org.openqa.selenium.remote.http.W3CHttpResponseCodec.decode(W3CHttpResponseCodec.java:122)\r\n\tat org.openqa.selenium.remote.http.W3CHttpResponseCodec.decode(W3CHttpResponseCodec.java:49)\r\n\tat org.openqa.selenium.remote.HttpCommandExecutor.execute(HttpCommandExecutor.java:158)\r\n\tat org.openqa.selenium.remote.service.DriverCommandExecutor.execute(DriverCommandExecutor.java:83)\r\n\tat org.openqa.selenium.remote.RemoteWebDriver.execute(RemoteWebDriver.java:552)\r\n\tat org.openqa.selenium.remote.RemoteWebDriver.execute(RemoteWebDriver.java:609)\r\n\tat org.openqa.selenium.remote.RemoteWebDriver.getScreenshotAs(RemoteWebDriver.java:295)\r\n\tat project.kalyanJewellers.stepdefs.StepDefs.captureScreenShot(StepDefs.java:77)\r\n",
              "duration": 15989900,
              "status": "failed"
            },
            "match": {
              "location": "project.kalyanJewellers.stepdefs.StepDefs.captureScreenShot(io.cucumber.java.Scenario)"
            }
          },
          {
            "output": [
              "Browser got closed"
            ],
            "result": {
              "duration": 563911800,
              "status": "passed"
            },
            "match": {
              "location": "project.kalyanJewellers.stepdefs.StepDefs.tearDwon()"
            }
          }
        ],
        "type": "scenario",
        "keyword": "Scenario Outline",
        "steps": [
          {
            "result": {
              "error_message": "org.openqa.selenium.NoSuchElementException: Cannot locate an element using xpath\u003d//p[text()\u003d\u0027ABOUT US\u0027]\nFor documentation on this error, please visit: https://www.seleniumhq.org/exceptions/no_such_element.html\nBuild info: version: \u00273.141.59\u0027, revision: \u0027e82be7d358\u0027, time: \u00272018-11-14T08:17:03\u0027\nSystem info: host: \u0027DESKTOP-4HSKB02\u0027, ip: \u0027192.168.1.3\u0027, os.name: \u0027Windows 10\u0027, os.arch: \u0027amd64\u0027, os.version: \u002710.0\u0027, java.version: \u002717.0.4.1\u0027\nDriver info: driver.version: RemoteWebDriver\r\n\tat org.openqa.selenium.remote.RemoteWebDriver.findElement(RemoteWebDriver.java:327)\r\n\tat org.openqa.selenium.remote.RemoteWebDriver.findElementByXPath(RemoteWebDriver.java:428)\r\n\tat org.openqa.selenium.By$ByXPath.findElement(By.java:353)\r\n\tat org.openqa.selenium.remote.RemoteWebDriver.findElement(RemoteWebDriver.java:315)\r\n\tat project.kalyanJewellers.stepdefs.StepDefs.user_scroll_dwon_to_the_button_landing_page_of_the_application(StepDefs.java:148)\r\n\tat ✽.user scroll dwon to the button landing page of the application(classpath:features/HelthCheak.feature:45)\r\n",
              "duration": 2457614100,
              "status": "failed"
            },
            "line": 45,
            "name": "user scroll dwon to the button landing page of the application",
            "match": {
              "location": "project.kalyanJewellers.stepdefs.StepDefs.user_scroll_dwon_to_the_button_landing_page_of_the_application()"
            },
            "keyword": "When "
          },
          {
            "result": {
              "duration": 9998100,
              "status": "skipped"
            },
            "line": 46,
            "name": "validate the follow us option with social media icons",
            "match": {
              "location": "project.kalyanJewellers.stepdefs.StepDefs.validate_the_follow_us_option_with_social_media_icons()"
            },
            "keyword": "And "
          },
          {
            "result": {
              "status": "skipped"
            },
            "line": 47,
            "name": "click on social media icons \"\u003cSocial media Name\u003e\"",
            "match": {
              "arguments": [
                {
                  "val": "\"\u003cSocial media Name\u003e\"",
                  "offset": 28
                }
              ],
              "location": "project.kalyanJewellers.stepdefs.StepDefs.click_on_social_media_icons(java.lang.String)"
            },
            "keyword": "When "
          },
          {
            "result": {
              "duration": 999000,
              "status": "skipped"
            },
            "line": 48,
            "name": "Validating the social media Icons With Expected \"canderebyKalyan\" and \"Candere By Kalyan jewellers\"",
            "match": {},
            "keyword": "Then "
          }
        ],
        "tags": [
          {
            "name": "@ui"
          },
          {
            "name": "@HelthCheak"
          },
          {
            "name": "@SocialMediaIcons"
          }
        ]
      }
    ],
    "name": "E-commerce Project Web Site Health Check",
    "description": "",
    "id": "e-commerce-project-web-site-health-check",
    "keyword": "Feature",
    "uri": "classpath:features/HelthCheak.feature",
    "tags": [
      {
        "name": "@ui",
        "type": "Tag",
        "location": {
          "line": 1,
          "column": 1
        }
      },
      {
        "name": "@HelthCheak",
        "type": "Tag",
        "location": {
          "line": 1,
          "column": 6
        }
      }
    ]
  }
]